<?xml version="1.0" encoding="UTF-8"?>
<!-- Generated by org.testng.reporters.JUnitReportReporter -->
<testsuite hostname="belestiy" failures="0" tests="5" name="tests.AmazonTests" time="48.491" errors="0" timestamp="2022-11-01T09:30:57 EAT" skipped="0">
  <testcase classname="tests.AmazonTests" name="testHomePage" time="2.274"/>
  <system-out/>
  <testcase classname="tests.AmazonTests" name="testBrandPage" time="3.036"/>
  <system-out/>
  <testcase classname="tests.AmazonTests" name="testSortingPage" time="9.374"/>
  <system-out/>
  <testcase classname="tests.AmazonTests" name="testSortedTVListPage" time="0.140"/>
  <system-out/>
  <testcase classname="tests.AmazonTests" name="testSelectedTVPage" time="33.667"/>
  <system-out/>
</testsuite> <!-- tests.AmazonTests -->
